#
# There is insufficient memory for the Java Runtime Environment to continue.
# Native memory allocation (mmap) failed to map 65536 bytes. Error detail: Failed to commit metaspace.
# Possible reasons:
#   The system is out of physical RAM or swap space
#   This process is running with CompressedOops enabled, and the Java Heap may be blocking the growth of the native heap
# Possible solutions:
#   Reduce memory load on the system
#   Increase physical memory or swap space
#   Check if swap backing store is full
#   Decrease Java heap size (-Xmx/-Xms)
#   Decrease number of Java threads
#   Decrease Java thread stack sizes (-Xss)
#   Set larger code cache with -XX:ReservedCodeCacheSize=
#   JVM is running with Unscaled Compressed Oops mode in which the Java heap is
#     placed in the first 4GB address space. The Java Heap base address is the
#     maximum limit for the native heap growth. Please use -XX:HeapBaseMinAddress
#     to set the Java Heap base and to place the Java Heap above 4GB virtual address.
# This output file may be truncated or incomplete.
#
#  Out of Memory Error (virtualSpaceNode.cpp:113), pid=16804, tid=2288
#
# JRE version: OpenJDK Runtime Environment Temurin-23.0.2+7 (23.0.2+7) (build 23.0.2+7)
# Java VM: OpenJDK 64-Bit Server VM Temurin-23.0.2+7 (23.0.2+7, mixed mode, sharing, tiered, compressed oops, compressed class ptrs, g1 gc, windows-amd64)
# No core dump will be written. Minidumps are not enabled by default on client versions of Windows
#

---------------  S U M M A R Y ------------

Command Line: -Dfile.encoding=UTF-8 -Dstdout.encoding=UTF-8 -Dstderr.encoding=UTF-8 -XX:+ShowCodeDetailsInExceptionMessages frenchBeans.SpringValue.Main

Host: Intel(R) Core(TM) i7-8550U CPU @ 1.80GHz, 8 cores, 7G,  Windows 11 , 64 bit Build 26100 (10.0.26100.3323)
Time: Wed Apr  2 14:19:56 2025 E. Africa Standard Time elapsed time: 11.377250 seconds (0d 0h 0m 11s)

---------------  T H R E A D  ---------------

Current thread (0x0000026903751da0):  JavaThread "main"             [_thread_in_vm, id=2288, stack(0x000000fda3900000,0x000000fda3a00000) (1024K)]

Stack: [0x000000fda3900000,0x000000fda3a00000]
Native frames: (J=compiled Java code, j=interpreted, Vv=VM code, C=native code)
V  [jvm.dll+0x6e8fa9]  (no source info available)
V  [jvm.dll+0x8d96b3]  (no source info available)
V  [jvm.dll+0x8dbb3e]  (no source info available)
V  [jvm.dll+0x8dc213]  (no source info available)
V  [jvm.dll+0x281bc6]  (no source info available)
V  [jvm.dll+0x8d540e]  (no source info available)
V  [jvm.dll+0x6891a5]  (no source info available)
V  [jvm.dll+0x68920a]  (no source info available)
V  [jvm.dll+0x68ba27]  (no source info available)
V  [jvm.dll+0x227c2c]  (no source info available)
V  [jvm.dll+0x689bbe]  (no source info available)
V  [jvm.dll+0x26b50f]  (no source info available)
V  [jvm.dll+0x693ed4]  (no source info available)
V  [jvm.dll+0x217cc7]  (no source info available)
V  [jvm.dll+0x21822a]  (no source info available)
V  [jvm.dll+0x218c55]  (no source info available)
V  [jvm.dll+0x20e03e]  (no source info available)
V  [jvm.dll+0x5c487c]  (no source info available)
V  [jvm.dll+0x21f96b]  (no source info available)
V  [jvm.dll+0x84df90]  (no source info available)
V  [jvm.dll+0x84eff6]  (no source info available)
V  [jvm.dll+0x84f604]  (no source info available)
V  [jvm.dll+0x84f288]  (no source info available)
V  [jvm.dll+0x26ee1b]  (no source info available)
V  [jvm.dll+0x26f046]  (no source info available)
V  [jvm.dll+0x5e8447]  (no source info available)
V  [jvm.dll+0x5eb4ef]  (no source info available)
V  [jvm.dll+0x3dc4ad]  (no source info available)
V  [jvm.dll+0x3dbaad]  (no source info available)
C  0x0000026910cc9d7c  (no source info available)

The last pc belongs to invokestatic (printed below).
Java frames: (J=compiled Java code, j=interpreted, Vv=VM code)
j  java.util.Arrays.sort([I)V+5 java.base@23.0.2
j  org.springframework.cglib.core.EmitUtils.getSwitchKeys(Ljava/util/Map;)[I+54
j  org.springframework.cglib.core.EmitUtils.string_switch_hash(Lorg/springframework/cglib/core/CodeEmitter;[Ljava/lang/String;Lorg/springframework/cglib/core/ObjectSwitchCallback;Z)V+43
j  org.springframework.cglib.core.EmitUtils.string_switch(Lorg/springframework/cglib/core/CodeEmitter;[Ljava/lang/String;ILorg/springframework/cglib/core/ObjectSwitchCallback;)V+41
j  org.springframework.cglib.proxy.MethodInterceptorGenerator.generateFindProxy(Lorg/springframework/cglib/core/ClassEmitter;Ljava/util/Map;)V+60
j  org.springframework.cglib.proxy.MethodInterceptorGenerator.generate(Lorg/springframework/cglib/core/ClassEmitter;Lorg/springframework/cglib/proxy/CallbackGenerator$Context;Ljava/util/List;)V+303
j  org.springframework.cglib.proxy.Enhancer.emitMethods(Lorg/springframework/cglib/core/ClassEmitter;Ljava/util/List;Ljava/util/List;)V+487
j  org.springframework.cglib.proxy.Enhancer.generateClass(Lorg/springframework/asm/ClassVisitor;)V+389
j  org.springframework.cglib.transform.TransformingClassGenerator.generateClass(Lorg/springframework/asm/ClassVisitor;)V+16
j  org.springframework.cglib.core.DefaultGeneratorStrategy.generate(Lorg/springframework/cglib/core/ClassGenerator;)[B+11
j  org.springframework.cglib.core.ClassLoaderAwareGeneratorStrategy.generate(Lorg/springframework/cglib/core/ClassGenerator;)[B+66
j  org.springframework.cglib.core.AbstractClassGenerator.generate(Lorg/springframework/cglib/core/AbstractClassGenerator$ClassLoaderData;)Ljava/lang/Class;+164
j  org.springframework.cglib.proxy.Enhancer.generate(Lorg/springframework/cglib/core/AbstractClassGenerator$ClassLoaderData;)Ljava/lang/Class;+53
j  org.springframework.cglib.core.AbstractClassGenerator$ClassLoaderData.lambda$new$1(Lorg/springframework/cglib/core/AbstractClassGenerator;)Ljava/lang/Object;+2
j  org.springframework.cglib.core.AbstractClassGenerator$ClassLoaderData$$Lambda+0x000002691f0af9e8.apply(Ljava/lang/Object;)Ljava/lang/Object;+8
j  org.springframework.cglib.core.internal.LoadingCache.lambda$createEntry$1(Ljava/lang/Object;)Ljava/lang/Object;+5
j  org.springframework.cglib.core.internal.LoadingCache$$Lambda+0x000002691f0b0220.call()Ljava/lang/Object;+8
j  java.util.concurrent.FutureTask.run()V+39 java.base@23.0.2
j  org.springframework.cglib.core.internal.LoadingCache.createEntry(Ljava/lang/Object;Ljava/lang/Object;Ljava/lang/Object;)Ljava/lang/Object;+56
j  org.springframework.cglib.core.internal.LoadingCache.get(Ljava/lang/Object;)Ljava/lang/Object;+39
j  org.springframework.cglib.core.AbstractClassGenerator$ClassLoaderData.get(Lorg/springframework/cglib/core/AbstractClassGenerator;Z)Ljava/lang/Object;+15
j  org.springframework.cglib.core.AbstractClassGenerator.create(Ljava/lang/Object;)Ljava/lang/Object;+115
j  org.springframework.cglib.proxy.Enhancer.createHelper()Ljava/lang/Object;+102
j  org.springframework.cglib.proxy.Enhancer.createClass()Ljava/lang/Class;+6
j  org.springframework.context.annotation.ConfigurationClassEnhancer.createClass(Lorg/springframework/cglib/proxy/Enhancer;)Ljava/lang/Class;+1
j  org.springframework.context.annotation.ConfigurationClassEnhancer.enhance(Ljava/lang/Class;Ljava/lang/ClassLoader;)Ljava/lang/Class;+53
j  org.springframework.context.annotation.ConfigurationClassPostProcessor.enhanceConfigurationClasses(Lorg/springframework/beans/factory/config/ConfigurableListableBeanFactory;)V+415
j  org.springframework.context.annotation.ConfigurationClassPostProcessor.postProcessBeanFactory(Lorg/springframework/beans/factory/config/ConfigurableListableBeanFactory;)V+75
j  org.springframework.context.support.PostProcessorRegistrationDelegate.invokeBeanFactoryPostProcessors(Ljava/util/Collection;Lorg/springframework/beans/factory/config/ConfigurableListableBeanFactory;)V+61
j  org.springframework.context.support.PostProcessorRegistrationDelegate.invokeBeanFactoryPostProcessors(Lorg/springframework/beans/factory/config/ConfigurableListableBeanFactory;Ljava/util/List;)V+521
j  org.springframework.context.support.AbstractApplicationContext.invokeBeanFactoryPostProcessors(Lorg/springframework/beans/factory/config/ConfigurableListableBeanFactory;)V+5
j  org.springframework.context.support.AbstractApplicationContext.refresh()V+53
j  org.springframework.context.annotation.AnnotationConfigApplicationContext.<init>([Ljava/lang/Class;)V+10
j  frenchBeans.SpringValue.Main.main([Ljava/lang/String;)V+13
v  ~StubRoutines::call_stub 0x0000026910cb0fcd
Lock stack of current Java thread (top to bottom):

invokestatic  184 invokestatic  [0x0000026910cc9ce0, 0x0000026910cc9fc0]  736 bytes
[MachCode]
  0x0000026910cc9ce0: 4883 ec08 | c5fa 1104 | 24eb 1f48 | 83ec 10c5 | fb11 0424 | eb14 4883 | ec10 4889 | 0424 48c7 
  0x0000026910cc9d00: 4424 0800 | 0000 00eb | 0150 488b | 4dd0 410f | b755 0148 | 8b49 306b | d218 488d | 4c11 080f 
  0x0000026910cc9d20: b659 1681 | fbb8 0000 | 000f 84bd | 0000 00bb | b800 0000 | e805 0000 | 00e9 9900 | 0000 488b 
  0x0000026910cc9d40: d348 8d44 | 2408 4c89 | 6dc0 498b | cfc5 f877 | 4989 afb0 | 0300 0049 | 8987 a003 | 0000 4883 
  0x0000026910cc9d60: ec20 40f6 | c40f 0f84 | 1900 0000 | 4883 ec08 | 48b8 40ba | dee5 fd7f | 0000 ffd0 | 4883 c408 
  0x0000026910cc9d80: e90c 0000 | 0048 b840 | bade e5fd | 7f00 00ff | d048 83c4 | 2049 c787 | a003 0000 | 0000 0000 
  0x0000026910cc9da0: 49c7 87b0 | 0300 0000 | 0000 0049 | c787 a803 | 0000 0000 | 0000 c5f8 | 7749 837f | 0800 0f84 
  0x0000026910cc9dc0: 0500 0000 | e9f7 70fe | ff4c 8b6d | c04c 8b75 | c84e 8d74 | f500 c348 | 8b4d d041 | 0fb7 5501 
  0x0000026910cc9de0: 488b 4930 | 6bd2 1848 | 8d4c 1108 | 488b 1948 | 8b5b 0848 | 8b5b 0848 | 8b5b 1880 | bb31 0100 
  0x0000026910cc9e00: 0004 0f84 | 0d00 0000 | 4c3b bb38 | 0100 000f | 851a ffff | ff0f b651 | 1548 8b19 | 4c89 6dc0 
  0x0000026910cc9e20: 448b ea0f | b651 1449 | ba60 ca70 | e6fd 7f00 | 0049 8b14 | d252 418b | d54c 8b6d | c048 8b45 
  0x0000026910cc9e40: d848 85c0 | 0f84 1200 | 0000 4883 | 4008 0148 | 8358 0800 | 4883 c010 | 4889 45d8 | 488b 45d8 
  0x0000026910cc9e60: 4885 c00f | 843d 0100 | 0080 78f0 | 0a0f 8533 | 0100 0048 | 83c0 084c | 8b68 f841 | 83ed 0041 
  0x0000026910cc9e80: 83fd 020f | 8c12 0100 | 004c 8b6b | 0845 0fb7 | 6d2e 4c2b | 2841 83ed | 014e 8b6c | ec08 4d85 
  0x0000026910cc9ea0: ed75 0ef6 | 4008 0175 | 58f0 4883 | 4808 01eb | 5045 8b6d | 0849 ba00 | 0000 1e69 | 0200 004d 
  0x0000026910cc9ec0: 03ea 4d8b | d54c 3368 | 0849 f7c5 | fcff ffff | 742f 41f6 | c502 7529 | 4883 7808 | 0074 1e48 
  0x0000026910cc9ee0: 8378 0801 | 7417 4d8b | ea4c 3368 | 0849 f7c5 | fcff ffff | 740b 4883 | 4808 02eb | 044c 8968 
  0x0000026910cc9f00: 0848 83c0 | 104c 8b68 | e841 83ed | 0241 83fd | 020f 8c84 | 0000 004c | 8b6b 0845 | 0fb7 6d2e 
  0x0000026910cc9f20: 4c2b 2841 | 83ed 014e | 8b6c ec08 | 4d85 ed75 | 0ef6 4008 | 0175 58f0 | 4883 4808 | 01eb 5045 
  0x0000026910cc9f40: 8b6d 0849 | ba00 0000 | 1e69 0200 | 004d 03ea | 4d8b d54c | 3368 0849 | f7c5 fcff | ffff 742f 
  0x0000026910cc9f60: 41f6 c502 | 7529 4883 | 7808 0074 | 1e48 8378 | 0801 7417 | 4d8b ea4c | 3368 0849 | f7c5 fcff 
  0x0000026910cc9f80: ffff 740b | 4883 4808 | 02eb 044c | 8968 0848 | 83c0 104c | 8b68 d841 | 83ed 0441 | c1e5 0349 
  0x0000026910cc9fa0: 03c5 4889 | 45d8 4c8d | 6c24 0849 | 8bcd 482b | cd48 c1f9 | 0348 894d | f0ff 6350 | 0f1f 4000 
[/MachCode]

---------------  P R O C E S S  ---------------

Threads class SMR info:
_java_thread_list=0x000002691dc44670, length=11, elements={
0x0000026903751da0, 0x000002691da0a110, 0x000002691da0ab70, 0x000002691da10420,
0x000002691da11300, 0x000002691da1b370, 0x000002691da1f500, 0x000002691da2a900,
0x000002691da2df10, 0x000002691db69970, 0x000002691db6f620
}

Java Threads: ( => current thread )
=>0x0000026903751da0 JavaThread "main"                              [_thread_in_vm, id=2288, stack(0x000000fda3900000,0x000000fda3a00000) (1024K)]
  0x000002691da0a110 JavaThread "Reference Handler"          daemon [_thread_blocked, id=13772, stack(0x000000fda4100000,0x000000fda4200000) (1024K)]
  0x000002691da0ab70 JavaThread "Finalizer"                  daemon [_thread_blocked, id=16172, stack(0x000000fda4200000,0x000000fda4300000) (1024K)]
  0x000002691da10420 JavaThread "Signal Dispatcher"          daemon [_thread_blocked, id=20636, stack(0x000000fda4300000,0x000000fda4400000) (1024K)]
  0x000002691da11300 JavaThread "Attach Listener"            daemon [_thread_blocked, id=14928, stack(0x000000fda4400000,0x000000fda4500000) (1024K)]
  0x000002691da1b370 JavaThread "Service Thread"             daemon [_thread_blocked, id=21636, stack(0x000000fda4500000,0x000000fda4600000) (1024K)]
  0x000002691da1f500 JavaThread "Monitor Deflation Thread"   daemon [_thread_blocked, id=9656, stack(0x000000fda4600000,0x000000fda4700000) (1024K)]
  0x000002691da2a900 JavaThread "C2 CompilerThread0"         daemon [_thread_blocked, id=12428, stack(0x000000fda4700000,0x000000fda4800000) (1024K)]
  0x000002691da2df10 JavaThread "C1 CompilerThread0"         daemon [_thread_blocked, id=12976, stack(0x000000fda4800000,0x000000fda4900000) (1024K)]
  0x000002691db69970 JavaThread "Notification Thread"        daemon [_thread_blocked, id=2892, stack(0x000000fda4900000,0x000000fda4a00000) (1024K)]
  0x000002691db6f620 JavaThread "Common-Cleaner"             daemon [_thread_blocked, id=6696, stack(0x000000fda4a00000,0x000000fda4b00000) (1024K)]
Total: 11

Other Threads:
  0x000002691d9f07f0 VMThread "VM Thread"                           [id=12148, stack(0x000000fda4000000,0x000000fda4100000) (1024K)]
  0x000002691d9dbbe0 WatcherThread "VM Periodic Task Thread"        [id=9044, stack(0x000000fda3f00000,0x000000fda4000000) (1024K)]
  0x0000026905a9f560 WorkerThread "GC Thread#0"                     [id=18820, stack(0x000000fda3a00000,0x000000fda3b00000) (1024K)]
  0x0000026905accca0 ConcurrentGCThread "G1 Main Marker"            [id=12188, stack(0x000000fda3b00000,0x000000fda3c00000) (1024K)]
  0x0000026905acd6c0 WorkerThread "G1 Conc#0"                       [id=13356, stack(0x000000fda3c00000,0x000000fda3d00000) (1024K)]
  0x000002691d8aa1e0 ConcurrentGCThread "G1 Refine#0"               [id=21260, stack(0x000000fda3d00000,0x000000fda3e00000) (1024K)]
  0x000002691d8aba20 ConcurrentGCThread "G1 Service"                [id=22556, stack(0x000000fda3e00000,0x000000fda3f00000) (1024K)]
Total: 7

Threads with active compile tasks:
Total: 0

VM state: not at safepoint (normal execution)

VM Mutex/Monitor currently owned by a thread:  ([mutex/lock_event])
[0x00007ffde66face8] Metaspace_lock - owner thread: 0x0000026903751da0

Heap address: 0x0000000089e00000, size: 1890 MB, Compressed Oops mode: 32-bit

CDS archive(s) mapped at: [0x000002691e000000-0x000002691ed70000-0x000002691ed70000), size 14090240, SharedBaseAddress: 0x000002691e000000, ArchiveRelocationMode: 1.
Compressed class space mapped at: 0x000002691f000000-0x000002695f000000, reserved size: 1073741824
Narrow klass base: 0x000002691e000000, Narrow klass shift: 0, Narrow klass range: 0x41000000

GC Precious Log:
 CardTable entry size: 512
 Card Set container configuration: InlinePtr #cards 5 size 8 Array Of Cards #cards 10 size 36 Howl #buckets 4 coarsen threshold 1843 Howl Bitmap #cards 512 size 80 coarsen threshold 460 Card regions per heap region 1 cards per card region 2048
 CPUs: 8 total, 8 available
 Memory: 7555M
 Large Page Support: Disabled
 NUMA Support: Disabled
 Compressed Oops: Enabled (32-bit)
 Heap Region Size: 1M
 Heap Min Capacity: 8M
 Heap Initial Capacity: 120M
 Heap Max Capacity: 1890M
 Pre-touch: Disabled
 Parallel Workers: 8
 Concurrent Workers: 2
 Concurrent Refinement Workers: 8
 Periodic GC: Disabled

Heap:
 garbage-first heap   total reserved 1935360K, committed 122880K, used 16384K [0x0000000089e00000, 0x0000000100000000)
  region size 1024K, 18 young (18432K), 0 survivors (0K)
 Metaspace       used 5638K, committed 5888K, reserved 1114112K
  class space    used 694K, committed 832K, reserved 1048576K

Heap Regions: E=young(eden), S=young(survivor), O=old, HS=humongous(starts), HC=humongous(continues), CS=collection set, F=free, TAMS=top-at-mark-start, PB=parsable bottom
|   0|0x0000000089e00000, 0x0000000089e00000, 0x0000000089f00000|  0%| F|  |TAMS 0x0000000089e00000| PB 0x0000000089e00000| Untracked |  0
|   1|0x0000000089f00000, 0x0000000089f00000, 0x000000008a000000|  0%| F|  |TAMS 0x0000000089f00000| PB 0x0000000089f00000| Untracked |  0
|   2|0x000000008a000000, 0x000000008a000000, 0x000000008a100000|  0%| F|  |TAMS 0x000000008a000000| PB 0x000000008a000000| Untracked |  0
|   3|0x000000008a100000, 0x000000008a100000, 0x000000008a200000|  0%| F|  |TAMS 0x000000008a100000| PB 0x000000008a100000| Untracked |  0
|   4|0x000000008a200000, 0x000000008a200000, 0x000000008a300000|  0%| F|  |TAMS 0x000000008a200000| PB 0x000000008a200000| Untracked |  0
|   5|0x000000008a300000, 0x000000008a300000, 0x000000008a400000|  0%| F|  |TAMS 0x000000008a300000| PB 0x000000008a300000| Untracked |  0
|   6|0x000000008a400000, 0x000000008a400000, 0x000000008a500000|  0%| F|  |TAMS 0x000000008a400000| PB 0x000000008a400000| Untracked |  0
|   7|0x000000008a500000, 0x000000008a500000, 0x000000008a600000|  0%| F|  |TAMS 0x000000008a500000| PB 0x000000008a500000| Untracked |  0
|   8|0x000000008a600000, 0x000000008a600000, 0x000000008a700000|  0%| F|  |TAMS 0x000000008a600000| PB 0x000000008a600000| Untracked |  0
|   9|0x000000008a700000, 0x000000008a700000, 0x000000008a800000|  0%| F|  |TAMS 0x000000008a700000| PB 0x000000008a700000| Untracked |  0
|  10|0x000000008a800000, 0x000000008a800000, 0x000000008a900000|  0%| F|  |TAMS 0x000000008a800000| PB 0x000000008a800000| Untracked |  0
|  11|0x000000008a900000, 0x000000008a900000, 0x000000008aa00000|  0%| F|  |TAMS 0x000000008a900000| PB 0x000000008a900000| Untracked |  0
|  12|0x000000008aa00000, 0x000000008aa00000, 0x000000008ab00000|  0%| F|  |TAMS 0x000000008aa00000| PB 0x000000008aa00000| Untracked |  0
|  13|0x000000008ab00000, 0x000000008ab00000, 0x000000008ac00000|  0%| F|  |TAMS 0x000000008ab00000| PB 0x000000008ab00000| Untracked |  0
|  14|0x000000008ac00000, 0x000000008ac00000, 0x000000008ad00000|  0%| F|  |TAMS 0x000000008ac00000| PB 0x000000008ac00000| Untracked |  0
|  15|0x000000008ad00000, 0x000000008ad00000, 0x000000008ae00000|  0%| F|  |TAMS 0x000000008ad00000| PB 0x000000008ad00000| Untracked |  0
|  16|0x000000008ae00000, 0x000000008ae00000, 0x000000008af00000|  0%| F|  |TAMS 0x000000008ae00000| PB 0x000000008ae00000| Untracked |  0
|  17|0x000000008af00000, 0x000000008af00000, 0x000000008b000000|  0%| F|  |TAMS 0x000000008af00000| PB 0x000000008af00000| Untracked |  0
|  18|0x000000008b000000, 0x000000008b000000, 0x000000008b100000|  0%| F|  |TAMS 0x000000008b000000| PB 0x000000008b000000| Untracked |  0
|  19|0x000000008b100000, 0x000000008b100000, 0x000000008b200000|  0%| F|  |TAMS 0x000000008b100000| PB 0x000000008b100000| Untracked |  0
|  20|0x000000008b200000, 0x000000008b200000, 0x000000008b300000|  0%| F|  |TAMS 0x000000008b200000| PB 0x000000008b200000| Untracked |  0
|  21|0x000000008b300000, 0x000000008b300000, 0x000000008b400000|  0%| F|  |TAMS 0x000000008b300000| PB 0x000000008b300000| Untracked |  0
|  22|0x000000008b400000, 0x000000008b400000, 0x000000008b500000|  0%| F|  |TAMS 0x000000008b400000| PB 0x000000008b400000| Untracked |  0
|  23|0x000000008b500000, 0x000000008b500000, 0x000000008b600000|  0%| F|  |TAMS 0x000000008b500000| PB 0x000000008b500000| Untracked |  0
|  24|0x000000008b600000, 0x000000008b600000, 0x000000008b700000|  0%| F|  |TAMS 0x000000008b600000| PB 0x000000008b600000| Untracked |  0
|  25|0x000000008b700000, 0x000000008b700000, 0x000000008b800000|  0%| F|  |TAMS 0x000000008b700000| PB 0x000000008b700000| Untracked |  0
|  26|0x000000008b800000, 0x000000008b800000, 0x000000008b900000|  0%| F|  |TAMS 0x000000008b800000| PB 0x000000008b800000| Untracked |  0
|  27|0x000000008b900000, 0x000000008b900000, 0x000000008ba00000|  0%| F|  |TAMS 0x000000008b900000| PB 0x000000008b900000| Untracked |  0
|  28|0x000000008ba00000, 0x000000008ba00000, 0x000000008bb00000|  0%| F|  |TAMS 0x000000008ba00000| PB 0x000000008ba00000| Untracked |  0
|  29|0x000000008bb00000, 0x000000008bb00000, 0x000000008bc00000|  0%| F|  |TAMS 0x000000008bb00000| PB 0x000000008bb00000| Untracked |  0
|  30|0x000000008bc00000, 0x000000008bc00000, 0x000000008bd00000|  0%| F|  |TAMS 0x000000008bc00000| PB 0x000000008bc00000| Untracked |  0
|  31|0x000000008bd00000, 0x000000008bd00000, 0x000000008be00000|  0%| F|  |TAMS 0x000000008bd00000| PB 0x000000008bd00000| Untracked |  0
|  32|0x000000008be00000, 0x000000008be00000, 0x000000008bf00000|  0%| F|  |TAMS 0x000000008be00000| PB 0x000000008be00000| Untracked |  0
|  33|0x000000008bf00000, 0x000000008bf00000, 0x000000008c000000|  0%| F|  |TAMS 0x000000008bf00000| PB 0x000000008bf00000| Untracked |  0
|  34|0x000000008c000000, 0x000000008c000000, 0x000000008c100000|  0%| F|  |TAMS 0x000000008c000000| PB 0x000000008c000000| Untracked |  0
|  35|0x000000008c100000, 0x000000008c100000, 0x000000008c200000|  0%| F|  |TAMS 0x000000008c100000| PB 0x000000008c100000| Untracked |  0
|  36|0x000000008c200000, 0x000000008c200000, 0x000000008c300000|  0%| F|  |TAMS 0x000000008c200000| PB 0x000000008c200000| Untracked |  0
|  37|0x000000008c300000, 0x000000008c300000, 0x000000008c400000|  0%| F|  |TAMS 0x000000008c300000| PB 0x000000008c300000| Untracked |  0
|  38|0x000000008c400000, 0x000000008c400000, 0x000000008c500000|  0%| F|  |TAMS 0x000000008c400000| PB 0x000000008c400000| Untracked |  0
|  39|0x000000008c500000, 0x000000008c500000, 0x000000008c600000|  0%| F|  |TAMS 0x000000008c500000| PB 0x000000008c500000| Untracked |  0
|  40|0x000000008c600000, 0x000000008c600000, 0x000000008c700000|  0%| F|  |TAMS 0x000000008c600000| PB 0x000000008c600000| Untracked |  0
|  41|0x000000008c700000, 0x000000008c700000, 0x000000008c800000|  0%| F|  |TAMS 0x000000008c700000| PB 0x000000008c700000| Untracked |  0
|  42|0x000000008c800000, 0x000000008c800000, 0x000000008c900000|  0%| F|  |TAMS 0x000000008c800000| PB 0x000000008c800000| Untracked |  0
|  43|0x000000008c900000, 0x000000008c900000, 0x000000008ca00000|  0%| F|  |TAMS 0x000000008c900000| PB 0x000000008c900000| Untracked |  0
|  44|0x000000008ca00000, 0x000000008ca00000, 0x000000008cb00000|  0%| F|  |TAMS 0x000000008ca00000| PB 0x000000008ca00000| Untracked |  0
|  45|0x000000008cb00000, 0x000000008cb00000, 0x000000008cc00000|  0%| F|  |TAMS 0x000000008cb00000| PB 0x000000008cb00000| Untracked |  0
|  46|0x000000008cc00000, 0x000000008cc00000, 0x000000008cd00000|  0%| F|  |TAMS 0x000000008cc00000| PB 0x000000008cc00000| Untracked |  0
|  47|0x000000008cd00000, 0x000000008cd00000, 0x000000008ce00000|  0%| F|  |TAMS 0x000000008cd00000| PB 0x000000008cd00000| Untracked |  0
|  48|0x000000008ce00000, 0x000000008ce00000, 0x000000008cf00000|  0%| F|  |TAMS 0x000000008ce00000| PB 0x000000008ce00000| Untracked |  0
|  49|0x000000008cf00000, 0x000000008cf00000, 0x000000008d000000|  0%| F|  |TAMS 0x000000008cf00000| PB 0x000000008cf00000| Untracked |  0
|  50|0x000000008d000000, 0x000000008d000000, 0x000000008d100000|  0%| F|  |TAMS 0x000000008d000000| PB 0x000000008d000000| Untracked |  0
|  51|0x000000008d100000, 0x000000008d100000, 0x000000008d200000|  0%| F|  |TAMS 0x000000008d100000| PB 0x000000008d100000| Untracked |  0
|  52|0x000000008d200000, 0x000000008d200000, 0x000000008d300000|  0%| F|  |TAMS 0x000000008d200000| PB 0x000000008d200000| Untracked |  0
|  53|0x000000008d300000, 0x000000008d300000, 0x000000008d400000|  0%| F|  |TAMS 0x000000008d300000| PB 0x000000008d300000| Untracked |  0
|  54|0x000000008d400000, 0x000000008d400000, 0x000000008d500000|  0%| F|  |TAMS 0x000000008d400000| PB 0x000000008d400000| Untracked |  0
|  55|0x000000008d500000, 0x000000008d500000, 0x000000008d600000|  0%| F|  |TAMS 0x000000008d500000| PB 0x000000008d500000| Untracked |  0
|  56|0x000000008d600000, 0x000000008d600000, 0x000000008d700000|  0%| F|  |TAMS 0x000000008d600000| PB 0x000000008d600000| Untracked |  0
|  57|0x000000008d700000, 0x000000008d700000, 0x000000008d800000|  0%| F|  |TAMS 0x000000008d700000| PB 0x000000008d700000| Untracked |  0
|  58|0x000000008d800000, 0x000000008d800000, 0x000000008d900000|  0%| F|  |TAMS 0x000000008d800000| PB 0x000000008d800000| Untracked |  0
|  59|0x000000008d900000, 0x000000008d900000, 0x000000008da00000|  0%| F|  |TAMS 0x000000008d900000| PB 0x000000008d900000| Untracked |  0
|  60|0x000000008da00000, 0x000000008da00000, 0x000000008db00000|  0%| F|  |TAMS 0x000000008da00000| PB 0x000000008da00000| Untracked |  0
|  61|0x000000008db00000, 0x000000008db00000, 0x000000008dc00000|  0%| F|  |TAMS 0x000000008db00000| PB 0x000000008db00000| Untracked |  0
|  62|0x000000008dc00000, 0x000000008dc00000, 0x000000008dd00000|  0%| F|  |TAMS 0x000000008dc00000| PB 0x000000008dc00000| Untracked |  0
|  63|0x000000008dd00000, 0x000000008dd00000, 0x000000008de00000|  0%| F|  |TAMS 0x000000008dd00000| PB 0x000000008dd00000| Untracked |  0
|  64|0x000000008de00000, 0x000000008de00000, 0x000000008df00000|  0%| F|  |TAMS 0x000000008de00000| PB 0x000000008de00000| Untracked |  0
|  65|0x000000008df00000, 0x000000008df00000, 0x000000008e000000|  0%| F|  |TAMS 0x000000008df00000| PB 0x000000008df00000| Untracked |  0
|  66|0x000000008e000000, 0x000000008e000000, 0x000000008e100000|  0%| F|  |TAMS 0x000000008e000000| PB 0x000000008e000000| Untracked |  0
|  67|0x000000008e100000, 0x000000008e100000, 0x000000008e200000|  0%| F|  |TAMS 0x000000008e100000| PB 0x000000008e100000| Untracked |  0
|  68|0x000000008e200000, 0x000000008e200000, 0x000000008e300000|  0%| F|  |TAMS 0x000000008e200000| PB 0x000000008e200000| Untracked |  0
|  69|0x000000008e300000, 0x000000008e300000, 0x000000008e400000|  0%| F|  |TAMS 0x000000008e300000| PB 0x000000008e300000| Untracked |  0
|  70|0x000000008e400000, 0x000000008e400000, 0x000000008e500000|  0%| F|  |TAMS 0x000000008e400000| PB 0x000000008e400000| Untracked |  0
|  71|0x000000008e500000, 0x000000008e500000, 0x000000008e600000|  0%| F|  |TAMS 0x000000008e500000| PB 0x000000008e500000| Untracked |  0
|  72|0x000000008e600000, 0x000000008e600000, 0x000000008e700000|  0%| F|  |TAMS 0x000000008e600000| PB 0x000000008e600000| Untracked |  0
|  73|0x000000008e700000, 0x000000008e700000, 0x000000008e800000|  0%| F|  |TAMS 0x000000008e700000| PB 0x000000008e700000| Untracked |  0
|  74|0x000000008e800000, 0x000000008e800000, 0x000000008e900000|  0%| F|  |TAMS 0x000000008e800000| PB 0x000000008e800000| Untracked |  0
|  75|0x000000008e900000, 0x000000008e900000, 0x000000008ea00000|  0%| F|  |TAMS 0x000000008e900000| PB 0x000000008e900000| Untracked |  0
|  76|0x000000008ea00000, 0x000000008ea00000, 0x000000008eb00000|  0%| F|  |TAMS 0x000000008ea00000| PB 0x000000008ea00000| Untracked |  0
|  77|0x000000008eb00000, 0x000000008eb00000, 0x000000008ec00000|  0%| F|  |TAMS 0x000000008eb00000| PB 0x000000008eb00000| Untracked |  0
|  78|0x000000008ec00000, 0x000000008ec00000, 0x000000008ed00000|  0%| F|  |TAMS 0x000000008ec00000| PB 0x000000008ec00000| Untracked |  0
|  79|0x000000008ed00000, 0x000000008ed00000, 0x000000008ee00000|  0%| F|  |TAMS 0x000000008ed00000| PB 0x000000008ed00000| Untracked |  0
|  80|0x000000008ee00000, 0x000000008ee00000, 0x000000008ef00000|  0%| F|  |TAMS 0x000000008ee00000| PB 0x000000008ee00000| Untracked |  0
|  81|0x000000008ef00000, 0x000000008ef00000, 0x000000008f000000|  0%| F|  |TAMS 0x000000008ef00000| PB 0x000000008ef00000| Untracked |  0
|  82|0x000000008f000000, 0x000000008f000000, 0x000000008f100000|  0%| F|  |TAMS 0x000000008f000000| PB 0x000000008f000000| Untracked |  0
|  83|0x000000008f100000, 0x000000008f100000, 0x000000008f200000|  0%| F|  |TAMS 0x000000008f100000| PB 0x000000008f100000| Untracked |  0
|  84|0x000000008f200000, 0x000000008f200000, 0x000000008f300000|  0%| F|  |TAMS 0x000000008f200000| PB 0x000000008f200000| Untracked |  0
|  85|0x000000008f300000, 0x000000008f300000, 0x000000008f400000|  0%| F|  |TAMS 0x000000008f300000| PB 0x000000008f300000| Untracked |  0
|  86|0x000000008f400000, 0x000000008f400000, 0x000000008f500000|  0%| F|  |TAMS 0x000000008f400000| PB 0x000000008f400000| Untracked |  0
|  87|0x000000008f500000, 0x000000008f500000, 0x000000008f600000|  0%| F|  |TAMS 0x000000008f500000| PB 0x000000008f500000| Untracked |  0
|  88|0x000000008f600000, 0x000000008f600000, 0x000000008f700000|  0%| F|  |TAMS 0x000000008f600000| PB 0x000000008f600000| Untracked |  0
|  89|0x000000008f700000, 0x000000008f700000, 0x000000008f800000|  0%| F|  |TAMS 0x000000008f700000| PB 0x000000008f700000| Untracked |  0
|  90|0x000000008f800000, 0x000000008f800000, 0x000000008f900000|  0%| F|  |TAMS 0x000000008f800000| PB 0x000000008f800000| Untracked |  0
|  91|0x000000008f900000, 0x000000008f900000, 0x000000008fa00000|  0%| F|  |TAMS 0x000000008f900000| PB 0x000000008f900000| Untracked |  0
|  92|0x000000008fa00000, 0x000000008fa00000, 0x000000008fb00000|  0%| F|  |TAMS 0x000000008fa00000| PB 0x000000008fa00000| Untracked |  0
|  93|0x000000008fb00000, 0x000000008fb00000, 0x000000008fc00000|  0%| F|  |TAMS 0x000000008fb00000| PB 0x000000008fb00000| Untracked |  0
|  94|0x000000008fc00000, 0x000000008fc00000, 0x000000008fd00000|  0%| F|  |TAMS 0x000000008fc00000| PB 0x000000008fc00000| Untracked |  0
|  95|0x000000008fd00000, 0x000000008fd00000, 0x000000008fe00000|  0%| F|  |TAMS 0x000000008fd00000| PB 0x000000008fd00000| Untracked |  0
|  96|0x000000008fe00000, 0x000000008fe00000, 0x000000008ff00000|  0%| F|  |TAMS 0x000000008fe00000| PB 0x000000008fe00000| Untracked |  0
|  97|0x000000008ff00000, 0x000000008ff00000, 0x0000000090000000|  0%| F|  |TAMS 0x000000008ff00000| PB 0x000000008ff00000| Untracked |  0
|  98|0x0000000090000000, 0x0000000090000000, 0x0000000090100000|  0%| F|  |TAMS 0x0000000090000000| PB 0x0000000090000000| Untracked |  0
|  99|0x0000000090100000, 0x0000000090100000, 0x0000000090200000|  0%| F|  |TAMS 0x0000000090100000| PB 0x0000000090100000| Untracked |  0
| 100|0x0000000090200000, 0x0000000090200000, 0x0000000090300000|  0%| F|  |TAMS 0x0000000090200000| PB 0x0000000090200000| Untracked |  0
| 101|0x0000000090300000, 0x0000000090300000, 0x0000000090400000|  0%| F|  |TAMS 0x0000000090300000| PB 0x0000000090300000| Untracked |  0
| 102|0x0000000090400000, 0x000000009047b220, 0x0000000090500000| 48%| E|  |TAMS 0x0000000090400000| PB 0x0000000090400000| Complete |  0
| 103|0x0000000090500000, 0x0000000090600000, 0x0000000090600000|100%| E|CS|TAMS 0x0000000090500000| PB 0x0000000090500000| Complete |  0
| 104|0x0000000090600000, 0x0000000090700000, 0x0000000090700000|100%| E|CS|TAMS 0x0000000090600000| PB 0x0000000090600000| Complete |  0
| 105|0x0000000090700000, 0x0000000090800000, 0x0000000090800000|100%| E|CS|TAMS 0x0000000090700000| PB 0x0000000090700000| Complete |  0
| 106|0x0000000090800000, 0x0000000090900000, 0x0000000090900000|100%| E|CS|TAMS 0x0000000090800000| PB 0x0000000090800000| Complete |  0
| 107|0x0000000090900000, 0x0000000090a00000, 0x0000000090a00000|100%| E|CS|TAMS 0x0000000090900000| PB 0x0000000090900000| Complete |  0
| 108|0x0000000090a00000, 0x0000000090b00000, 0x0000000090b00000|100%| E|CS|TAMS 0x0000000090a00000| PB 0x0000000090a00000| Complete |  0
| 109|0x0000000090b00000, 0x0000000090c00000, 0x0000000090c00000|100%| E|CS|TAMS 0x0000000090b00000| PB 0x0000000090b00000| Complete |  0
| 110|0x0000000090c00000, 0x0000000090d00000, 0x0000000090d00000|100%| E|CS|TAMS 0x0000000090c00000| PB 0x0000000090c00000| Complete |  0
| 111|0x0000000090d00000, 0x0000000090e00000, 0x0000000090e00000|100%| E|CS|TAMS 0x0000000090d00000| PB 0x0000000090d00000| Complete |  0
| 112|0x0000000090e00000, 0x0000000090f00000, 0x0000000090f00000|100%| E|  |TAMS 0x0000000090e00000| PB 0x0000000090e00000| Complete |  0
| 113|0x0000000090f00000, 0x0000000091000000, 0x0000000091000000|100%| E|CS|TAMS 0x0000000090f00000| PB 0x0000000090f00000| Complete |  0
| 114|0x0000000091000000, 0x0000000091100000, 0x0000000091100000|100%| E|CS|TAMS 0x0000000091000000| PB 0x0000000091000000| Complete |  0
| 115|0x0000000091100000, 0x0000000091200000, 0x0000000091200000|100%| E|CS|TAMS 0x0000000091100000| PB 0x0000000091100000| Complete |  0
| 116|0x0000000091200000, 0x0000000091300000, 0x0000000091300000|100%| E|CS|TAMS 0x0000000091200000| PB 0x0000000091200000| Complete |  0
| 117|0x0000000091300000, 0x0000000091400000, 0x0000000091400000|100%| E|CS|TAMS 0x0000000091300000| PB 0x0000000091300000| Complete |  0
| 118|0x0000000091400000, 0x0000000091500000, 0x0000000091500000|100%| E|CS|TAMS 0x0000000091400000| PB 0x0000000091400000| Complete |  0
| 119|0x0000000091500000, 0x0000000091600000, 0x0000000091600000|100%| E|CS|TAMS 0x0000000091500000| PB 0x0000000091500000| Complete |  0

Card table byte_map: [0x0000026918e70000,0x0000026919230000] _byte_map_base: 0x0000026918a21000

Marking Bits: (CMBitMap*) 0x0000026905a9fb80
 Bits: [0x0000026919230000, 0x000002691afb8000)

Polling page: 0x0000026903840000

Metaspace:

Usage:
  Non-class:      4.83 MB used.
      Class:    694.62 KB used.
       Both:      5.51 MB used.

Virtual space:
  Non-class space:       64.00 MB reserved,       4.94 MB (  8%) committed,  1 nodes.
      Class space:        1.00 GB reserved,     832.00 KB ( <1%) committed,  1 nodes.
             Both:        1.06 GB reserved,       5.75 MB ( <1%) committed. 

Chunk freelists:
   Non-Class:  9.03 MB
       Class:  15.22 MB
        Both:  24.25 MB

MaxMetaspaceSize: unlimited
CompressedClassSpaceSize: 1.00 GB
Initial GC threshold: 21.00 MB
Current GC threshold: 21.00 MB
CDS: on
 - commit_granule_bytes: 65536.
 - commit_granule_words: 8192.
 - virtual_space_node_default_size: 8388608.
 - enlarge_chunks_in_place: 1.
 - use_allocation_guard: 0.


Internal statistics:

num_allocs_failed_limit: 0.
num_arena_births: 196.
num_arena_deaths: 0.
num_vsnodes_births: 2.
num_vsnodes_deaths: 0.
num_space_committed: 92.
num_space_uncommitted: 0.
num_chunks_returned_to_freelist: 0.
num_chunks_taken_from_freelist: 377.
num_chunk_merges: 0.
num_chunk_splits: 243.
num_chunks_enlarged: 153.
num_inconsistent_stats: 0.

CodeHeap 'non-profiled nmethods': size=120064Kb used=338Kb max_used=338Kb free=119725Kb
 bounds [0x0000026911240000, 0x00000269114b0000, 0x0000026918780000]
CodeHeap 'profiled nmethods': size=120000Kb used=1439Kb max_used=1439Kb free=118561Kb
 bounds [0x0000026909780000, 0x00000269099f0000, 0x0000026910cb0000]
CodeHeap 'non-nmethods': size=5696Kb used=1349Kb max_used=1363Kb free=4346Kb
 bounds [0x0000026910cb0000, 0x0000026910f20000, 0x0000026911240000]
CodeCache: size=245760Kb, used=3126Kb, max_used=3140Kb, free=242632Kb
 total_blobs=1624, nmethods=1162, adapters=368, full_count=0
Compilation: enabled, stopped_count=0, restarted_count=0

Compilation events (20 events):
Event: 9.355 Thread 0x000002691da2df10 1151       3       jdk.internal.org.objectweb.asm.SymbolTable::addConstantFieldref (10 bytes)
Event: 9.355 Thread 0x000002691da2df10 nmethod 1151 0x00000269098e3c88 code [0x00000269098e3da0, 0x00000269098e3ef8]
Event: 9.355 Thread 0x000002691da2df10 1156       3       java.lang.invoke.MethodHandleStatics::dumper (4 bytes)
Event: 9.356 Thread 0x000002691da2df10 nmethod 1156 0x00000269098e3f88 code [0x00000269098e40a0, 0x00000269098e4198]
Event: 9.356 Thread 0x000002691da2df10 1154       3       jdk.internal.org.objectweb.asm.MethodWriter::visitMaxs (60 bytes)
Event: 9.356 Thread 0x000002691da2df10 nmethod 1154 0x00000269098e4288 code [0x00000269098e43e0, 0x00000269098e4688]
Event: 9.356 Thread 0x000002691da2a900 1158       4       java.util.concurrent.ConcurrentHashMap::setTabAt (20 bytes)
Event: 9.356 Thread 0x000002691da2df10 1155       3       jdk.internal.org.objectweb.asm.MethodWriter::visitEnd (1 bytes)
Event: 9.357 Thread 0x000002691da2df10 nmethod 1155 0x00000269098e4708 code [0x00000269098e4820, 0x00000269098e4928]
Event: 9.357 Thread 0x000002691da2df10 1157       3       jdk.internal.org.objectweb.asm.MethodWriter::computeMethodInfoSize (571 bytes)
Event: 9.359 Thread 0x000002691da2a900 nmethod 1158 0x0000026911294688 code [0x0000026911294780, 0x00000269112948d0]
Event: 9.359 Thread 0x000002691da2df10 nmethod 1157 0x00000269098e4a08 code [0x00000269098e4cc0, 0x00000269098e5ab0]
Event: 9.365 Thread 0x000002691da2df10 1159       3       java.lang.invoke.LambdaFormEditor$Transform::equals (32 bytes)
Event: 9.365 Thread 0x000002691da2df10 nmethod 1159 0x00000269098e5b08 code [0x00000269098e5c40, 0x00000269098e5e00]
Event: 9.365 Thread 0x000002691da2df10 1160       3       sun.invoke.util.VerifyAccess::getClassModifiers (24 bytes)
Event: 9.366 Thread 0x000002691da2df10 nmethod 1160 0x00000269098e5e88 code [0x00000269098e5fc0, 0x00000269098e61f0]
Event: 9.366 Thread 0x000002691da2df10 1161       3       java.lang.invoke.ClassSpecializer$SpeciesData::fieldCount (10 bytes)
Event: 9.366 Thread 0x000002691da2df10 nmethod 1161 0x00000269098e6288 code [0x00000269098e63a0, 0x00000269098e6578]
Event: 9.366 Thread 0x000002691da2df10 1162       3       java.lang.invoke.DirectMethodHandle::make (275 bytes)
Event: 9.367 Thread 0x000002691da2df10 nmethod 1162 0x00000269098e6588 code [0x00000269098e68a0, 0x00000269098e7b88]

GC Heap History (0 events):
No events

Dll operation events (6 events):
Event: 0.025 Loaded shared library C:\Users\Dorian\.p2\pool\plugins\org.eclipse.justj.openjdk.hotspot.jre.full.win32.x86_64_23.0.2.v20250131-0604\jre\bin\java.dll
Event: 0.171 Loaded shared library C:\Users\Dorian\.p2\pool\plugins\org.eclipse.justj.openjdk.hotspot.jre.full.win32.x86_64_23.0.2.v20250131-0604\jre\bin\zip.dll
Event: 0.187 Loaded shared library C:\Users\Dorian\.p2\pool\plugins\org.eclipse.justj.openjdk.hotspot.jre.full.win32.x86_64_23.0.2.v20250131-0604\jre\bin\net.dll
Event: 0.192 Loaded shared library C:\Users\Dorian\.p2\pool\plugins\org.eclipse.justj.openjdk.hotspot.jre.full.win32.x86_64_23.0.2.v20250131-0604\jre\bin\nio.dll
Event: 0.212 Loaded shared library C:\Users\Dorian\.p2\pool\plugins\org.eclipse.justj.openjdk.hotspot.jre.full.win32.x86_64_23.0.2.v20250131-0604\jre\bin\zip.dll
Event: 0.430 Loaded shared library C:\Users\Dorian\.p2\pool\plugins\org.eclipse.justj.openjdk.hotspot.jre.full.win32.x86_64_23.0.2.v20250131-0604\jre\bin\jimage.dll

Deoptimization events (20 events):
Event: 8.324 Thread 0x0000026903751da0 DEOPT PACKING pc=0x0000026911291db4 sp=0x000000fda39fa310
Event: 8.324 Thread 0x0000026903751da0 DEOPT UNPACKING pc=0x0000026910d04402 sp=0x000000fda39fa288 mode 2
Event: 8.324 Thread 0x0000026903751da0 Uncommon trap: trap_request=0xffffffde fr.pc=0x0000026911291db4 relative=0x0000000000000114
Event: 8.324 Thread 0x0000026903751da0 Uncommon trap: reason=class_check action=maybe_recompile pc=0x0000026911291db4 method=jdk.internal.misc.Unsafe.allocateUninitializedArray(Ljava/lang/Class;I)Ljava/lang/Object; @ 51 c2
Event: 8.324 Thread 0x0000026903751da0 DEOPT PACKING pc=0x0000026911291db4 sp=0x000000fda39fa3b0
Event: 8.324 Thread 0x0000026903751da0 DEOPT UNPACKING pc=0x0000026910d04402 sp=0x000000fda39fa328 mode 2
Event: 8.324 Thread 0x0000026903751da0 Uncommon trap: trap_request=0xffffffde fr.pc=0x0000026911291db4 relative=0x0000000000000114
Event: 8.324 Thread 0x0000026903751da0 Uncommon trap: reason=class_check action=maybe_recompile pc=0x0000026911291db4 method=jdk.internal.misc.Unsafe.allocateUninitializedArray(Ljava/lang/Class;I)Ljava/lang/Object; @ 51 c2
Event: 8.324 Thread 0x0000026903751da0 DEOPT PACKING pc=0x0000026911291db4 sp=0x000000fda39f9d10
Event: 8.324 Thread 0x0000026903751da0 DEOPT UNPACKING pc=0x0000026910d04402 sp=0x000000fda39f9c88 mode 2
Event: 8.324 Thread 0x0000026903751da0 Uncommon trap: trap_request=0xffffffde fr.pc=0x0000026911291db4 relative=0x0000000000000114
Event: 8.324 Thread 0x0000026903751da0 Uncommon trap: reason=class_check action=maybe_recompile pc=0x0000026911291db4 method=jdk.internal.misc.Unsafe.allocateUninitializedArray(Ljava/lang/Class;I)Ljava/lang/Object; @ 51 c2
Event: 8.324 Thread 0x0000026903751da0 DEOPT PACKING pc=0x0000026911291db4 sp=0x000000fda39fa1c0
Event: 8.324 Thread 0x0000026903751da0 DEOPT UNPACKING pc=0x0000026910d04402 sp=0x000000fda39fa138 mode 2
Event: 8.331 Thread 0x0000026903751da0 DEOPT PACKING pc=0x00000269098a670d sp=0x000000fda39fd840
Event: 8.331 Thread 0x0000026903751da0 DEOPT UNPACKING pc=0x0000026910d04b22 sp=0x000000fda39fcc90 mode 0
Event: 9.344 Thread 0x0000026903751da0 Uncommon trap: trap_request=0xffffff45 fr.pc=0x000002691128e6a0 relative=0x0000000000000100
Event: 9.344 Thread 0x0000026903751da0 Uncommon trap: reason=unstable_if action=reinterpret pc=0x000002691128e6a0 method=jdk.internal.org.objectweb.asm.ByteVector.putShort(I)Ljdk/internal/org/objectweb/asm/ByteVector; @ 13 c2
Event: 9.344 Thread 0x0000026903751da0 DEOPT PACKING pc=0x000002691128e6a0 sp=0x000000fda39fc750
Event: 9.344 Thread 0x0000026903751da0 DEOPT UNPACKING pc=0x0000026910d04402 sp=0x000000fda39fc6e8 mode 2

Classes loaded (20 events):
Event: 9.340 Loading class java/lang/invoke/MethodHandleImpl$Makers$1 done
Event: 9.341 Loading class java/lang/invoke/MethodHandleImpl$Makers$2
Event: 9.341 Loading class java/lang/invoke/MethodHandleImpl$Makers$2 done
Event: 9.341 Loading class java/lang/invoke/MethodHandleImpl$Makers$3
Event: 9.341 Loading class java/lang/invoke/MethodHandleImpl$Makers$3 done
Event: 9.341 Loading class java/lang/invoke/MethodHandleImpl$CountingWrapper
Event: 9.341 Loading class java/lang/invoke/MethodHandleImpl$CountingWrapper done
Event: 9.343 Loading class jdk/internal/org/objectweb/asm/Edge
Event: 9.343 Loading class jdk/internal/org/objectweb/asm/Edge done
Event: 9.346 Loading class java/util/AbstractList$ListItr
Event: 9.346 Loading class java/util/AbstractList$Itr
Event: 9.346 Loading class java/util/AbstractList$Itr done
Event: 9.346 Loading class java/util/AbstractList$ListItr done
Event: 9.372 Loading class java/util/LinkedList
Event: 9.373 Loading class java/util/AbstractSequentialList
Event: 9.373 Loading class java/util/AbstractSequentialList done
Event: 9.373 Loading class java/util/LinkedList done
Event: 9.373 Loading class java/util/LinkedList$Node
Event: 9.373 Loading class java/util/LinkedList$Node done
Event: 9.373 Loading class java/util/DualPivotQuicksort

Classes unloaded (0 events):
No events

Classes redefined (0 events):
No events

Internal exceptions (20 events):
Event: 4.860 Thread 0x0000026903751da0 Exception <a 'java/lang/NoSuchMethodError'{0x0000000090c08b28}: 'int java.lang.invoke.DirectMethodHandle$Holder.invokeStaticInit(java.lang.Object, java.lang.Object, java.lang.Object)'> (0x0000000090c08b28) 
thrown [s\src\hotspot\share\interpreter\linkResolver.cpp, line 796]
Event: 4.942 Thread 0x0000026903751da0 Exception <a 'java/lang/NoSuchMethodError'{0x0000000090b5ae58}: 'int java.lang.invoke.DirectMethodHandle$Holder.invokeInterface(java.lang.Object, java.lang.Object)'> (0x0000000090b5ae58) 
thrown [s\src\hotspot\share\interpreter\linkResolver.cpp, line 796]
Event: 6.072 Thread 0x0000026903751da0 Exception <a 'java/lang/NoSuchMethodError'{0x000000009098a330}: 'java.lang.Object java.lang.invoke.DirectMethodHandle$Holder.invokeVirtual(java.lang.Object, java.lang.Object, java.lang.Object)'> (0x000000009098a330) 
thrown [s\src\hotspot\share\interpreter\linkResolver.cpp, line 796]
Event: 6.099 Thread 0x0000026903751da0 Exception <a 'java/lang/NoSuchMethodError'{0x00000000909d8100}: 'void java.lang.invoke.DirectMethodHandle$Holder.invokeSpecial(java.lang.Object, java.lang.Object, java.lang.Object, java.lang.Object, java.lang.Object)'> (0x00000000909d8100) 
thrown [s\src\hotspot\share\interpreter\linkResolver.cpp, line 796]
Event: 6.102 Thread 0x0000026903751da0 Exception <a 'java/lang/NoSuchMethodError'{0x00000000909dfa60}: 'int java.lang.invoke.DirectMethodHandle$Holder.invokeSpecial(java.lang.Object, java.lang.Object, java.lang.Object)'> (0x00000000909dfa60) 
thrown [s\src\hotspot\share\interpreter\linkResolver.cpp, line 796]
Event: 6.114 Thread 0x0000026903751da0 Exception <a 'java/lang/NoSuchMethodError'{0x00000000909f8998}: 'void java.lang.invoke.DirectMethodHandle$Holder.invokeVirtual(java.lang.Object, java.lang.Object)'> (0x00000000909f8998) 
thrown [s\src\hotspot\share\interpreter\linkResolver.cpp, line 796]
Event: 6.123 Thread 0x0000026903751da0 Exception <a 'java/lang/NoSuchMethodError'{0x00000000908131b8}: 'void java.lang.invoke.DirectMethodHandle$Holder.invokeInterface(java.lang.Object, java.lang.Object, java.lang.Object)'> (0x00000000908131b8) 
thrown [s\src\hotspot\share\interpreter\linkResolver.cpp, line 796]
Event: 8.285 Thread 0x0000026903751da0 Exception <a 'java/lang/NoSuchMethodError'{0x000000009066c360}: 'java.lang.Object java.lang.invoke.DirectMethodHandle$Holder.invokeStaticInit(java.lang.Object, java.lang.Object, java.lang.Object, java.lang.Object, java.lang.Object, java.lang.Object, java.lang.Object)'> (0x000000009066c360) 
thrown [s\src\hotspot\share\interpreter\linkResolver.cpp, line 796]
Event: 8.288 Thread 0x0000026903751da0 Exception <a 'java/lang/NoSuchMethodError'{0x000000009067aec0}: 'int java.lang.invoke.DirectMethodHandle$Holder.invokeVirtual(java.lang.Object, java.lang.Object, java.lang.Object)'> (0x000000009067aec0) 
thrown [s\src\hotspot\share\interpreter\linkResolver.cpp, line 796]
Event: 8.289 Thread 0x0000026903751da0 Exception <a 'java/lang/NoSuchMethodError'{0x000000009067e7d0}: 'int java.lang.invoke.DirectMethodHandle$Holder.invokeVirtual(java.lang.Object, java.lang.Object)'> (0x000000009067e7d0) 
thrown [s\src\hotspot\share\interpreter\linkResolver.cpp, line 796]
Event: 8.290 Thread 0x0000026903751da0 Exception <a 'java/lang/NoSuchMethodError'{0x00000000906827b0}: 'int java.lang.invoke.DirectMethodHandle$Holder.invokeStaticInit(java.lang.Object, int, int)'> (0x00000000906827b0) 
thrown [s\src\hotspot\share\interpreter\linkResolver.cpp, line 796]
Event: 8.292 Thread 0x0000026903751da0 Exception <a 'java/lang/NoSuchMethodError'{0x0000000090689dd0}: 'int java.lang.invoke.DirectMethodHandle$Holder.invokeStaticInit(java.lang.Object, long, long)'> (0x0000000090689dd0) 
thrown [s\src\hotspot\share\interpreter\linkResolver.cpp, line 796]
Event: 8.293 Thread 0x0000026903751da0 Exception <a 'java/lang/NoSuchMethodError'{0x0000000090690878}: 'int java.lang.invoke.DirectMethodHandle$Holder.invokeStaticInit(java.lang.Object, float, float)'> (0x0000000090690878) 
thrown [s\src\hotspot\share\interpreter\linkResolver.cpp, line 796]
Event: 8.294 Thread 0x0000026903751da0 Exception <a 'java/lang/NoSuchMethodError'{0x0000000090697318}: 'int java.lang.invoke.DirectMethodHandle$Holder.invokeStaticInit(java.lang.Object, double, double)'> (0x0000000090697318) 
thrown [s\src\hotspot\share\interpreter\linkResolver.cpp, line 796]
Event: 8.295 Thread 0x0000026903751da0 Exception <a 'java/lang/NoSuchMethodError'{0x000000009069b8c0}: 'int java.lang.invoke.DirectMethodHandle$Holder.invokeStatic(java.lang.Object, long)'> (0x000000009069b8c0) 
thrown [s\src\hotspot\share\interpreter\linkResolver.cpp, line 796]
Event: 8.301 Thread 0x0000026903751da0 Exception <a 'java/lang/NoSuchMethodError'{0x00000000906be8b0}: 'int java.lang.invoke.DirectMethodHandle$Holder.invokeSpecial(java.lang.Object, java.lang.Object, int)'> (0x00000000906be8b0) 
thrown [s\src\hotspot\share\interpreter\linkResolver.cpp, line 796]
Event: 8.302 Thread 0x0000026903751da0 Exception <a 'java/lang/NoSuchMethodError'{0x00000000906c5db8}: 'int java.lang.invoke.Invokers$Holder.linkToTargetMethod(java.lang.Object, java.lang.Object)'> (0x00000000906c5db8) 
thrown [s\src\hotspot\share\interpreter\linkResolver.cpp, line 796]
Event: 9.339 Thread 0x0000026903751da0 Exception <a 'java/lang/NoSuchMethodError'{0x0000000090594f38}: 'java.lang.Object java.lang.invoke.DirectMethodHandle$Holder.invokeSpecial(java.lang.Object, java.lang.Object, int, java.lang.Object, java.lang.Object)'> (0x0000000090594f38) 
thrown [s\src\hotspot\share\interpreter\linkResolver.cpp, line 796]
Event: 9.339 Thread 0x0000026903751da0 Exception <a 'java/lang/NoSuchMethodError'{0x00000000905988d0}: 'java.lang.Object java.lang.invoke.DelegatingMethodHandle$Holder.delegate(java.lang.Object, int, java.lang.Object, java.lang.Object)'> (0x00000000905988d0) 
thrown [s\src\hotspot\share\interpreter\linkResolver.cpp, line 796]
Event: 9.345 Thread 0x0000026903751da0 Exception <a 'java/lang/NoSuchMethodError'{0x00000000905a83d0}: 'int java.lang.invoke.Invokers$Holder.linkToTargetMethod(java.lang.Object, java.lang.Object, java.lang.Object)'> (0x00000000905a83d0) 
thrown [s\src\hotspot\share\interpreter\linkResolver.cpp, line 796]

VM Operations (10 events):
Event: 0.214 Executing VM operation: HandshakeAllThreads (Deoptimize)
Event: 0.214 Executing VM operation: HandshakeAllThreads (Deoptimize) done
Event: 0.645 Executing VM operation: HandshakeAllThreads (Deoptimize)
Event: 0.645 Executing VM operation: HandshakeAllThreads (Deoptimize) done
Event: 4.939 Executing VM operation: HandshakeAllThreads (Deoptimize)
Event: 4.939 Executing VM operation: HandshakeAllThreads (Deoptimize) done
Event: 6.052 Executing VM operation: HandshakeAllThreads (Deoptimize)
Event: 6.052 Executing VM operation: HandshakeAllThreads (Deoptimize) done
Event: 9.373 Executing VM operation: HandshakeAllThreads (Deoptimize)
Event: 9.373 Executing VM operation: HandshakeAllThreads (Deoptimize) done

Memory protections (0 events):
No events

Nmethod flushes (0 events):
No events

Events (13 events):
Event: 0.067 Thread 0x0000026903751da0 Thread added: 0x0000026903751da0
Event: 0.098 Thread 0x0000026903751da0 Thread added: 0x000002691da0a110
Event: 0.098 Thread 0x0000026903751da0 Thread added: 0x000002691da0ab70
Event: 0.098 Thread 0x0000026903751da0 Thread added: 0x000002691da10420
Event: 0.099 Thread 0x0000026903751da0 Thread added: 0x000002691da11300
Event: 0.099 Thread 0x0000026903751da0 Thread added: 0x000002691da1b370
Event: 0.099 Thread 0x0000026903751da0 Thread added: 0x000002691da1f500
Event: 0.099 Thread 0x0000026903751da0 Thread added: 0x000002691da2a900
Event: 0.099 Thread 0x0000026903751da0 Thread added: 0x000002691da2df10
Event: 0.168 Thread 0x0000026903751da0 Thread added: 0x000002691db69970
Event: 0.174 Thread 0x0000026903751da0 Thread added: 0x000002691db6f620
Event: 0.349 Thread 0x000002691da2df10 Thread added: 0x000002691dcc6dc0
Event: 2.818 Thread 0x000002691dcc6dc0 Thread exited: 0x000002691dcc6dc0


Dynamic libraries:
0x00007ff73adf0000 - 0x00007ff73adfe000 	C:\Users\Dorian\.p2\pool\plugins\org.eclipse.justj.openjdk.hotspot.jre.full.win32.x86_64_23.0.2.v20250131-0604\jre\bin\javaw.exe
0x00007ffea77a0000 - 0x00007ffea7a03000 	C:\WINDOWS\SYSTEM32\ntdll.dll
0x00007ffea65f0000 - 0x00007ffea66b7000 	C:\WINDOWS\System32\KERNEL32.DLL
0x00007ffea50a0000 - 0x00007ffea5469000 	C:\WINDOWS\System32\KERNELBASE.dll
0x00007ffea5470000 - 0x00007ffea55bc000 	C:\WINDOWS\System32\ucrtbase.dll
0x00007ffe8daa0000 - 0x00007ffe8dabe000 	C:\Users\Dorian\.p2\pool\plugins\org.eclipse.justj.openjdk.hotspot.jre.full.win32.x86_64_23.0.2.v20250131-0604\jre\bin\VCRUNTIME140.dll
0x00007ffe8c1a0000 - 0x00007ffe8c1b7000 	C:\Users\Dorian\.p2\pool\plugins\org.eclipse.justj.openjdk.hotspot.jre.full.win32.x86_64_23.0.2.v20250131-0604\jre\bin\jli.dll
0x00007ffea6e70000 - 0x00007ffea703a000 	C:\WINDOWS\System32\USER32.dll
0x00007ffe891d0000 - 0x00007ffe89460000 	C:\WINDOWS\WinSxS\amd64_microsoft.windows.common-controls_6595b64144ccf1df_6.0.26100.3323_none_3e088096e3344490\COMCTL32.dll
0x00007ffea4ce0000 - 0x00007ffea4d07000 	C:\WINDOWS\System32\win32u.dll
0x00007ffea75d0000 - 0x00007ffea75fa000 	C:\WINDOWS\System32\GDI32.dll
0x00007ffea7600000 - 0x00007ffea76a9000 	C:\WINDOWS\System32\msvcrt.dll
0x00007ffea4ba0000 - 0x00007ffea4cd1000 	C:\WINDOWS\System32\gdi32full.dll
0x00007ffea4d10000 - 0x00007ffea4db3000 	C:\WINDOWS\System32\msvcp_win.dll
0x00007ffea7470000 - 0x00007ffea749f000 	C:\WINDOWS\System32\IMM32.DLL
0x00007ffe95040000 - 0x00007ffe9504c000 	C:\Users\Dorian\.p2\pool\plugins\org.eclipse.justj.openjdk.hotspot.jre.full.win32.x86_64_23.0.2.v20250131-0604\jre\bin\vcruntime140_1.dll
0x00007ffe66d20000 - 0x00007ffe66dad000 	C:\Users\Dorian\.p2\pool\plugins\org.eclipse.justj.openjdk.hotspot.jre.full.win32.x86_64_23.0.2.v20250131-0604\jre\bin\msvcp140.dll
0x00007ffde5a10000 - 0x00007ffde67de000 	C:\Users\Dorian\.p2\pool\plugins\org.eclipse.justj.openjdk.hotspot.jre.full.win32.x86_64_23.0.2.v20250131-0604\jre\bin\server\jvm.dll
0x00007ffea6d00000 - 0x00007ffea6db2000 	C:\WINDOWS\System32\ADVAPI32.dll
0x00007ffea6dc0000 - 0x00007ffea6e66000 	C:\WINDOWS\System32\sechost.dll
0x00007ffea74b0000 - 0x00007ffea75c6000 	C:\WINDOWS\System32\RPCRT4.dll
0x00007ffea6740000 - 0x00007ffea67b4000 	C:\WINDOWS\System32\WS2_32.dll
0x00007ffea3650000 - 0x00007ffea369e000 	C:\WINDOWS\SYSTEM32\POWRPROF.dll
0x00007ffe8d410000 - 0x00007ffe8d446000 	C:\WINDOWS\SYSTEM32\WINMM.dll
0x00007ffe949f0000 - 0x00007ffe949fb000 	C:\WINDOWS\SYSTEM32\VERSION.dll
0x00007ffea3630000 - 0x00007ffea3644000 	C:\WINDOWS\SYSTEM32\UMPDC.dll
0x00007ffea38d0000 - 0x00007ffea38ea000 	C:\WINDOWS\SYSTEM32\kernel.appcore.dll
0x00007ffe9bdf0000 - 0x00007ffe9bdfa000 	C:\Users\Dorian\.p2\pool\plugins\org.eclipse.justj.openjdk.hotspot.jre.full.win32.x86_64_23.0.2.v20250131-0604\jre\bin\jimage.dll
0x00007ffea23b0000 - 0x00007ffea25f1000 	C:\WINDOWS\SYSTEM32\DBGHELP.DLL
0x00007ffea5890000 - 0x00007ffea5c12000 	C:\WINDOWS\System32\combase.dll
0x00007ffea5610000 - 0x00007ffea56e6000 	C:\WINDOWS\System32\OLEAUT32.dll
0x00007ffe875a0000 - 0x00007ffe875d9000 	C:\WINDOWS\SYSTEM32\dbgcore.DLL
0x00007ffea4f40000 - 0x00007ffea4fd9000 	C:\WINDOWS\System32\bcryptPrimitives.dll
0x00007ffe94620000 - 0x00007ffe9463e000 	C:\Users\Dorian\.p2\pool\plugins\org.eclipse.justj.openjdk.hotspot.jre.full.win32.x86_64_23.0.2.v20250131-0604\jre\bin\java.dll
0x00007ffea56f0000 - 0x00007ffea5885000 	C:\WINDOWS\System32\ole32.dll
0x00007ffea5c80000 - 0x00007ffea6395000 	C:\WINDOWS\System32\SHELL32.dll
0x00007ffea49a0000 - 0x00007ffea4b08000 	C:\WINDOWS\System32\wintypes.dll
0x00007ffea26e0000 - 0x00007ffea2f25000 	C:\WINDOWS\SYSTEM32\windows.storage.dll
0x00007ffea7380000 - 0x00007ffea746b000 	C:\WINDOWS\System32\SHCORE.dll
0x00007ffea5c20000 - 0x00007ffea5c7d000 	C:\WINDOWS\System32\shlwapi.dll
0x00007ffea48b0000 - 0x00007ffea48df000 	C:\WINDOWS\SYSTEM32\profapi.dll
0x00007ffe92f60000 - 0x00007ffe92f77000 	C:\Users\Dorian\.p2\pool\plugins\org.eclipse.justj.openjdk.hotspot.jre.full.win32.x86_64_23.0.2.v20250131-0604\jre\bin\zip.dll
0x00007ffe8c300000 - 0x00007ffe8c310000 	C:\Users\Dorian\.p2\pool\plugins\org.eclipse.justj.openjdk.hotspot.jre.full.win32.x86_64_23.0.2.v20250131-0604\jre\bin\net.dll
0x00007ffea3df0000 - 0x00007ffea3e5a000 	C:\WINDOWS\system32\mswsock.dll
0x00007ffe8c2e0000 - 0x00007ffe8c2f6000 	C:\Users\Dorian\.p2\pool\plugins\org.eclipse.justj.openjdk.hotspot.jre.full.win32.x86_64_23.0.2.v20250131-0604\jre\bin\nio.dll

dbghelp: loaded successfully - version: 4.0.5 - missing functions: none
symbol engine: initialized successfully - sym options: 0x614 - pdb path: .;C:\Users\Dorian\.p2\pool\plugins\org.eclipse.justj.openjdk.hotspot.jre.full.win32.x86_64_23.0.2.v20250131-0604\jre\bin;C:\WINDOWS\SYSTEM32;C:\WINDOWS\WinSxS\amd64_microsoft.windows.common-controls_6595b64144ccf1df_6.0.26100.3323_none_3e088096e3344490;C:\Users\Dorian\.p2\pool\plugins\org.eclipse.justj.openjdk.hotspot.jre.full.win32.x86_64_23.0.2.v20250131-0604\jre\bin\server

VM Arguments:
jvm_args: -Dfile.encoding=UTF-8 -Dstdout.encoding=UTF-8 -Dstderr.encoding=UTF-8 -XX:+ShowCodeDetailsInExceptionMessages 
java_command: frenchBeans.SpringValue.Main
java_class_path (initial): C:\Users\Dorian\eclipse-workspace\SpringValue\target\classes;C:\Users\Dorian\.m2\repository\org\springframework\spring-core\6.1.0\spring-core-6.1.0.jar;C:\Users\Dorian\.m2\repository\org\springframework\spring-jcl\6.1.0\spring-jcl-6.1.0.jar;C:\Users\Dorian\.m2\repository\org\springframework\spring-context\6.0.11\spring-context-6.0.11.jar;C:\Users\Dorian\.m2\repository\org\springframework\spring-aop\6.0.11\spring-aop-6.0.11.jar;C:\Users\Dorian\.m2\repository\org\springframework\spring-beans\6.0.11\spring-beans-6.0.11.jar;C:\Users\Dorian\.m2\repository\org\springframework\spring-expression\6.0.11\spring-expression-6.0.11.jar;C:\Users\Dorian\.m2\repository\org\springframework\spring-web\6.0.9\spring-web-6.0.9.jar;C:\Users\Dorian\.m2\repository\io\micrometer\micrometer-observation\1.10.7\micrometer-observation-1.10.7.jar;C:\Users\Dorian\.m2\repository\io\micrometer\micrometer-commons\1.10.7\micrometer-commons-1.10.7.jar;C:\Users\Dorian\.m2\repository\org\springframework\spring-webmvc\6.0.9\spring-webmvc-6.0.9.jar;C:\Users\Dorian\.m2\repository\org\hibernate\validator\hibernate-validator\6.2.3.Final\hibernate-validator-6.2.3.Final.jar;C:\Users\Dorian\.m2\repository\jakarta\validation\jakarta.validation-api\2.0.2\jakarta.validation-api-2.0.2.jar;C:\Users\Dorian\.m2\repository\org\jboss\logging\jboss-logging\3.4.1.Final\jboss-logging-3.4.1.Final.jar;C:\Users\Dorian\.m2\repository\com\fasterxml\classmate\1.5.1\classmate-1.5.1.jar;C:\Users\Dorian\.m2\repository\com\fasterxml\jackson\core\jackson-databind\2.14.0\jackson-databind-2.14.0.jar;C:\Users\Dorian\.m2\repository\com\fasterxml\jackson\core\jackson-annotations\2.14.0\jackson-annotations-2.14.0.jar;C:\Users\Dorian\.m2\repository\com\fasterxml\jackson\core\jackson-core\2.14.0\jackson-core-2.14.0.jar
Launcher Type: SUN_STANDARD

[Global flags]
     intx CICompilerCount                          = 4                                         {product} {ergonomic}
     uint ConcGCThreads                            = 2                                         {product} {ergonomic}
     uint G1ConcRefinementThreads                  = 8                                         {product} {ergonomic}
   size_t G1HeapRegionSize                         = 1048576                                   {product} {ergonomic}
   size_t InitialHeapSize                          = 125829120                                 {product} {ergonomic}
   size_t MarkStackSize                            = 4194304                                   {product} {ergonomic}
   size_t MarkStackSizeMax                         = 536870912                                 {product} {ergonomic}
   size_t MaxHeapSize                              = 1981808640                                {product} {ergonomic}
   size_t MaxNewSize                               = 1189085184                                {product} {ergonomic}
   size_t MinHeapDeltaBytes                        = 1048576                                   {product} {ergonomic}
   size_t MinHeapSize                              = 8388608                                   {product} {ergonomic}
    uintx NonNMethodCodeHeapSize                   = 5832704                                {pd product} {ergonomic}
    uintx NonProfiledCodeHeapSize                  = 122945536                              {pd product} {ergonomic}
    uintx ProfiledCodeHeapSize                     = 122880000                              {pd product} {ergonomic}
    uintx ReservedCodeCacheSize                    = 251658240                              {pd product} {ergonomic}
     bool SegmentedCodeCache                       = true                                      {product} {ergonomic}
     bool ShowCodeDetailsInExceptionMessages       = true                                   {manageable} {command line}
   size_t SoftMaxHeapSize                          = 1981808640                             {manageable} {ergonomic}
     bool UseCompressedOops                        = true                           {product lp64_product} {ergonomic}
     bool UseG1GC                                  = true                                      {product} {ergonomic}
     bool UseLargePagesIndividualAllocation        = false                                  {pd product} {ergonomic}

Logging:
Log output configuration:
 #0: stdout all=warning uptime,level,tags foldmultilines=false
 #1: stderr all=off uptime,level,tags foldmultilines=false

Environment Variables:
JAVA_HOME=C:\Program Files\Java\jdk-1.8
PATH=C:/Users/Dorian/.p2/pool/plugins/org.eclipse.justj.openjdk.hotspot.jre.full.win32.x86_64_23.0.2.v20250131-0604/jre/bin/server;C:/Users/Dorian/.p2/pool/plugins/org.eclipse.justj.openjdk.hotspot.jre.full.win32.x86_64_23.0.2.v20250131-0604/jre/bin;C:\Program Files (x86)\Common Files\Oracle\Java\java8path;C:\Program Files (x86)\Common Files\Oracle\Java\javapath;C:\WINDOWS\system32;C:\WINDOWS;C:\WINDOWS\System32\Wbem;C:\WINDOWS\System32\WindowsPowerShell\v1.0\;C:\WINDOWS\System32\OpenSSH\;C:\Program Files\Microsoft SQL Server\Client SDK\ODBC\170\Tools\Binn\;C:\Program Files (x86)\Microsoft SQL Server\150\Tools\Binn\;C:\Program Files\Microsoft SQL Server\150\Tools\Binn\;C:\Program Files\Microsoft SQL Server\150\DTS\Binn\;C:\Program Files\Azure Data Studio\bin;C:\Program Files\Microsoft SQL Server\120\Tools\Binn\;C:\Program Files\Microsoft SQL Server\130\Tools\Binn\;C:\Program Files (x86)\QuickTime\QTSystem\;C:\Program Files\Git\cmd;C:\Users\Dorian\AppData\Local\Microsoft\WindowsApps;C:\Users\Dorian\AppData\Local\Programs\Microsoft VS Code\bin;C:\Program Files\Azure Data Studio\bin;C:\Program Files\MySQL\MySQL Server 5.7\bin;C:\Program Files\apache-maven-3.9.9\bin;C:\Program Files\Java\jdk-1.8\bin;;C:\Users\Dorian\Desktop;
USERNAME=Dorian
OS=Windows_NT
PROCESSOR_IDENTIFIER=Intel64 Family 6 Model 142 Stepping 10, GenuineIntel
TMP=C:\Users\Dorian\AppData\Local\Temp
TEMP=C:\Users\Dorian\AppData\Local\Temp




Periodic native trim disabled

---------------  S Y S T E M  ---------------

OS:
 Windows 11 , 64 bit Build 26100 (10.0.26100.3323)
OS uptime: 14 days 20:19 hours

CPU: total 8 (initial active 8) (4 cores per cpu, 2 threads per core) family 6 model 142 stepping 10 microcode 0xf6, cx8, cmov, fxsr, ht, mmx, 3dnowpref, sse, sse2, sse3, ssse3, sse4.1, sse4.2, popcnt, lzcnt, tsc, tscinvbit, avx, avx2, aes, erms, clmul, bmi1, bmi2, adx, fma, vzeroupper, clflush, clflushopt, rdtscp, f16c
Processor Information for the first 8 processors :
  Max Mhz: 1992, Current Mhz: 1792, Mhz Limit: 1792

Memory: 4k page, system-wide physical 7555M (1359M free)
TotalPageFile size 11651M (AvailPageFile size 4M)
current process WorkingSet (physical memory assigned to process): 67M, peak: 67M
current process commit charge ("private bytes"): 210M, peak: 212M

vm_info: OpenJDK 64-Bit Server VM (23.0.2+7) for windows-amd64 JRE (23.0.2+7), built on 2025-01-21T00:00:00Z with MS VC++ 17.7 (VS2022)

END.
